<?xml version="1.0" encoding="UTF-8"?>
<!-- Generated by org.testng.reporters.JUnitReportReporter -->
<testsuite skipped="0" hostname="LAPTOP-NFPKR2Q3" name="TestDemos.Demo3" tests="1" failures="0" timestamp="2022-03-25T20:28:13 IST" time="14.748" errors="0">
  <testcase name="GoogleSearch3" time="14.748" classname="TestDemos.Demo3"/>
  <system-out/>
</testsuite> <!-- TestDemos.Demo3 -->
