<?xml version="1.0" encoding="UTF-8"?>
<!-- Generated by org.testng.reporters.JUnitReportReporter -->
<testsuite skipped="1" hostname="LAPTOP-NFPKR2Q3" name="listeners.TestNGListenersDemo2" tests="3" failures="0" timestamp="2022-03-25T20:05:50 IST" time="0.014" errors="0">
  <testcase name="test4" time="0.005" classname="listeners.TestNGListenersDemo2"/>
  <system-out/>
  <testcase name="test5" time="0.007" classname="listeners.TestNGListenersDemo2"/>
  <system-out/>
  <testcase name="test6" time="0.002" classname="listeners.TestNGListenersDemo2">
    <skipped/>
  </testcase> <!-- test6 -->
  <system-out/>
</testsuite> <!-- listeners.TestNGListenersDemo2 -->
