<?xml version="1.0" encoding="UTF-8"?>
<!-- Generated by org.testng.reporters.JUnitReportReporter -->
<testsuite skipped="0" hostname="LAPTOP-NFPKR2Q3" name="TestDemos.TestNGGroupsDemo" tests="2" failures="0" timestamp="2022-03-25T20:57:49 IST" time="0.015" errors="0">
  <testcase name="test2" time="0.013" classname="TestDemos.TestNGGroupsDemo"/>
  <system-out/>
  <testcase name="test3" time="0.002" classname="TestDemos.TestNGGroupsDemo"/>
  <system-out/>
</testsuite> <!-- TestDemos.TestNGGroupsDemo -->
