<?xml version="1.0" encoding="UTF-8"?>
<!-- Generated by org.testng.reporters.JUnitReportReporter -->
<testsuite skipped="0" hostname="LAPTOP-NFPKR2Q3" name="TestDemos.Demo1" tests="1" failures="0" timestamp="2022-03-24T19:08:02 IST" time="18.600" errors="0">
  <testcase name="practoSearch" time="18.600" classname="TestDemos.Demo1"/>
  <system-out/>
</testsuite> <!-- TestDemos.Demo1 -->
