<?xml version="1.0" encoding="UTF-8"?>
<!-- Generated by org.testng.reporters.JUnitReportReporter -->
<testsuite skipped="0" hostname="LAPTOP-NFPKR2Q3" name="TestDemos.TestNGDependenciesdemo" tests="3" failures="0" timestamp="2022-03-25T21:22:11 IST" time="0.015" errors="0">
  <testcase name="test9" time="0.012" classname="TestDemos.TestNGDependenciesdemo"/>
  <system-out/>
  <testcase name="test7" time="0.001" classname="TestDemos.TestNGDependenciesdemo"/>
  <system-out/>
  <testcase name="test8" time="0.002" classname="TestDemos.TestNGDependenciesdemo"/>
  <system-out/>
</testsuite> <!-- TestDemos.TestNGDependenciesdemo -->
