<?xml version="1.0" encoding="UTF-8"?>
<!-- Generated by org.testng.reporters.JUnitReportReporter -->
<testsuite skipped="0" hostname="LAPTOP-NFPKR2Q3" name="Utils.ExcelDataProvider" tests="2" failures="0" timestamp="2022-03-25T15:59:47 IST" time="8.993" errors="0">
  <testcase name="test1" time="5.982" classname="Utils.ExcelDataProvider"/>
  <system-out/>
  <testcase name="test1" time="3.011" classname="Utils.ExcelDataProvider"/>
  <system-out/>
</testsuite> <!-- Utils.ExcelDataProvider -->
