<?xml version="1.0" encoding="UTF-8"?>
<!-- Generated by org.testng.reporters.JUnitReportReporter -->
<testsuite skipped="0" hostname="LAPTOP-NFPKR2Q3" name="TestDemos.TestNGIgnoreDemo" tests="1" failures="0" timestamp="2022-03-25T21:26:35 IST" time="0.013" errors="0">
  <testcase name="test11" time="0.013" classname="TestDemos.TestNGIgnoreDemo"/>
  <system-out/>
</testsuite> <!-- TestDemos.TestNGIgnoreDemo -->
